Arguments: 
  C:\Program Files\nodejs\node.exe C:\Users\a\AppData\Roaming\npm\node_modules\yarn\bin\yarn.js add typescript --dev

PATH: 
  C:\windows\system32;C:\windows;C:\windows\System32\Wbem;C:\windows\System32\WindowsPowerShell\v1.0\;C:\windows\System32\OpenSSH\;C:\Program Files (x86)\NVIDIA Corporation\PhysX\Common;C:\Program Files\NVIDIA Corporation\NVIDIA NvDLISR;C:\Program Files\Git\cmd;C:\Program Files\nodejs\;D:\Python\Scripts\;D:\Python\;C:\Users\a\AppData\Local\Microsoft\WindowsApps;D:\Microsoft VS Code\bin;D:\lua;C:\Users\a\AppData\Local\Programs\Fiddler;C:\Users\a\AppData\Roaming\npm

Yarn version: 
  1.22.19

Node version: 
  16.14.2

Platform: 
  win32 x64

Trace: 
  Error: unable to verify the first certificate
      at TLSSocket.onConnectSecure (node:_tls_wrap:1530:34)
      at TLSSocket.emit (node:events:526:28)
      at TLSSocket._finishInit (node:_tls_wrap:944:8)
      at TLSWrap.ssl.onhandshakedone (node:_tls_wrap:725:12)

npm manifest: 
  {
    "name": "mini-vue",
    "version": "1.0.0",
    "main": "index.js",
    "license": "MIT"
  }

yarn manifest: 
  No manifest

Lockfile: 
  No lockfile
